<?xml version="1.0" encoding="UTF-8"?>
<!-- Generated by org.testng.reporters.JUnitReportReporter -->
<testsuite hostname="Pavillion" failures="0" tests="1" name="TestNgTest" time="7.566" errors="0" timestamp="2023-01-06T23:54:04 PKT" skipped="0">
  <testcase classname="TestNgTest" name="checkResourcesButtonWorks" time="7.566"/>
  <system-out/>
</testsuite> <!-- TestNgTest -->
